
2023-09-07 14:02:08,001 - INFO - Вариант 1
2023-09-07 14:02:08,001 - INFO - Вещи: топор, пиво, горелка, фонарик, котелок
2023-09-07 14:02:08,001 - INFO - Общая масса: 8.0
2023-09-07 14:02:08,002 - INFO - Вариант 2
2023-09-07 14:02:08,002 - INFO - Вещи: топор, пиво, горелка, фонарик, ож
2023-09-07 14:02:08,002 - INFO - Общая масса: 8.0
2023-09-07 14:02:08,003 - INFO - Вариант 3
2023-09-07 14:02:08,004 - INFO - Вещи: топор, пиво, горелка, котелок, спички
2023-09-07 14:02:08,004 - INFO - Общая масса: 8.0
2023-09-07 14:02:08,005 - INFO - Вариант 4
2023-09-07 14:02:08,005 - INFO - Вещи: топор, пиво, горелка, ож, спички
2023-09-07 14:02:08,005 - INFO - Общая масса: 8.0
2023-09-07 14:02:08,006 - INFO - Вариант 5
2023-09-07 14:02:08,006 - INFO - Вещи: топор, пиво, удочка, фонарик, котелок
2023-09-07 14:02:08,006 - INFO - Общая масса: 8.0
2023-09-07 14:02:08,007 - INFO - Вариант 6
2023-09-07 14:02:08,007 - INFO - Вещи: топор, пиво, удочка, фонарик, ож
2023-09-07 14:02:08,007 - INFO - Общая масса: 8.0
2023-09-07 14:02:08,008 - INFO - Вариант 7
2023-09-07 14:02:08,008 - INFO - Вещи: топор, пиво, удочка, котелок, спички
2023-09-07 14:02:08,008 - INFO - Общая масса: 8.0
2023-09-07 14:02:08,009 - INFO - Вариант 8
2023-09-07 14:02:08,009 - INFO - Вещи: топор, пиво, удочка, ож, спички
2023-09-07 14:02:08,009 - INFO - Общая масса: 8.0
2023-09-07 14:02:08,009 - INFO - Вариант 9
2023-09-07 14:02:08,009 - INFO - Вещи: топор, горелка, удочка, фонарик, котелок, ож
2023-09-07 14:02:08,009 - INFO - Общая масса: 8.0
2023-09-07 14:02:08,010 - INFO - Вариант 10
2023-09-07 14:02:08,010 - INFO - Вещи: топор, горелка, удочка, котелок, ож, спички
2023-09-07 14:02:08,010 - INFO - Общая масса: 8.0
2023-09-07 14:02:08,011 - INFO - Вариант 11
2023-09-07 14:02:08,011 - INFO - Вещи: пиво, горелка, удочка, фонарик, спички
2023-09-07 14:02:08,011 - INFO - Общая масса: 8.0
2023-09-07 14:02:08,012 - INFO - Вариант 12
2023-09-07 14:02:08,012 - INFO - Вещи: пиво, горелка, удочка, котелок
2023-09-07 14:02:08,012 - INFO - Общая масса: 8.0
2023-09-07 14:02:08,012 - INFO - Вариант 13
2023-09-07 14:02:08,013 - INFO - Вещи: пиво, горелка, удочка, ож
2023-09-07 14:02:08,013 - INFO - Общая масса: 8.0
2023-09-07 14:02:08,013 - INFO - Вариант 14
2023-09-07 14:02:08,013 - INFO - Вещи: пиво, горелка, фонарик, котелок, ож, спички
2023-09-07 14:02:08,013 - INFO - Общая масса: 8.0
2023-09-07 14:02:08,014 - INFO - Вариант 15
2023-09-07 14:02:08,014 - INFO - Вещи: пиво, удочка, фонарик, котелок, ож, спички
2023-09-07 14:02:08,014 - INFO - Общая масса: 8.0
2023-09-07 14:06:39,565 - INFO - Вариант 1
2023-09-07 14:06:39,565 - INFO - Вещи: топор, пиво, горелка, фонарик
2023-09-07 14:06:39,565 - INFO - Общая масса: 7.0
2023-09-07 14:06:39,566 - INFO - Вариант 2
2023-09-07 14:06:39,566 - INFO - Вещи: топор, пиво, горелка, спички
2023-09-07 14:06:39,566 - INFO - Общая масса: 7.0
2023-09-07 14:06:39,567 - INFO - Вариант 3
2023-09-07 14:06:39,567 - INFO - Вещи: топор, пиво, удочка, фонарик
2023-09-07 14:06:39,567 - INFO - Общая масса: 7.0
2023-09-07 14:06:39,569 - INFO - Вариант 4
2023-09-07 14:06:39,569 - INFO - Вещи: топор, пиво, удочка, спички
2023-09-07 14:06:39,569 - INFO - Общая масса: 7.0
2023-09-07 14:06:39,569 - INFO - Вариант 5
2023-09-07 14:06:39,569 - INFO - Вещи: топор, пиво, фонарик, котелок, ож
2023-09-07 14:06:39,569 - INFO - Общая масса: 7.0
2023-09-07 14:06:39,570 - INFO - Вариант 6
2023-09-07 14:06:39,570 - INFO - Вещи: топор, пиво, котелок, ож, спички
2023-09-07 14:06:39,570 - INFO - Общая масса: 7.0
2023-09-07 14:06:39,571 - INFO - Вариант 7
2023-09-07 14:06:39,571 - INFO - Вещи: топор, горелка, удочка, фонарик, котелок
2023-09-07 14:06:39,571 - INFO - Общая масса: 7.0
2023-09-07 14:06:39,571 - INFO - Вариант 8
2023-09-07 14:06:39,571 - INFO - Вещи: топор, горелка, удочка, фонарик, ож
2023-09-07 14:06:39,571 - INFO - Общая масса: 7.0
2023-09-07 14:06:39,572 - INFO - Вариант 9
2023-09-07 14:06:39,572 - INFO - Вещи: топор, горелка, удочка, котелок, спички
2023-09-07 14:06:39,572 - INFO - Общая масса: 7.0
2023-09-07 14:06:39,573 - INFO - Вариант 10
2023-09-07 14:06:39,573 - INFO - Вещи: топор, горелка, удочка, ож, спички
2023-09-07 14:06:39,573 - INFO - Общая масса: 7.0
2023-09-07 14:06:39,573 - INFO - Вариант 11
2023-09-07 14:06:39,573 - INFO - Вещи: пиво, горелка, удочка
2023-09-07 14:06:39,573 - INFO - Общая масса: 7.0
2023-09-07 14:06:39,574 - INFO - Вариант 12
2023-09-07 14:06:39,574 - INFO - Вещи: пиво, горелка, фонарик, котелок, спички
2023-09-07 14:06:39,574 - INFO - Общая масса: 7.0
2023-09-07 14:06:39,574 - INFO - Вариант 13
2023-09-07 14:06:39,574 - INFO - Вещи: пиво, горелка, фонарик, ож, спички
2023-09-07 14:06:39,574 - INFO - Общая масса: 7.0
2023-09-07 14:06:39,575 - INFO - Вариант 14
2023-09-07 14:06:39,575 - INFO - Вещи: пиво, горелка, котелок, ож
2023-09-07 14:06:39,575 - INFO - Общая масса: 7.0
2023-09-07 14:06:39,575 - INFO - Вариант 15
2023-09-07 14:06:39,575 - INFO - Вещи: пиво, удочка, фонарик, котелок, спички
2023-09-07 14:06:39,576 - INFO - Общая масса: 7.0
2023-09-07 14:06:39,576 - INFO - Вариант 16
2023-09-07 14:06:39,576 - INFO - Вещи: пиво, удочка, фонарик, ож, спички
2023-09-07 14:06:39,576 - INFO - Общая масса: 7.0
2023-09-07 14:06:39,576 - INFO - Вариант 17
2023-09-07 14:06:39,576 - INFO - Вещи: пиво, удочка, котелок, ож
2023-09-07 14:06:39,577 - INFO - Общая масса: 7.0
2023-09-07 14:06:39,577 - INFO - Вариант 18
2023-09-07 14:06:39,577 - INFO - Вещи: горелка, удочка, фонарик, котелок, ож, спички
2023-09-07 14:06:39,577 - INFO - Общая масса: 7.0
