2023-09-07 14:16:57,226 - INFO - Finding 4 successful arrangements.
2023-09-07 14:16:57,226 - INFO - Successful arrangement 1: [(1, 4), (2, 2), (3, 7), (4, 3), (5, 6), (6, 8), (7, 1), (8, 5)]
2023-09-07 14:16:57,226 - INFO - Successful arrangement 2: [(1, 7), (2, 4), (3, 2), (4, 5), (5, 8), (6, 1), (7, 3), (8, 6)]
2023-09-07 14:16:57,226 - INFO - Successful arrangement 3: [(1, 3), (2, 6), (3, 4), (4, 2), (5, 8), (6, 5), (7, 7), (8, 1)]
2023-09-07 14:16:57,226 - INFO - Successful arrangement 4: [(1, 5), (2, 1), (3, 8), (4, 4), (5, 2), (6, 7), (7, 3), (8, 6)]
2023-09-07 14:22:10,633 - INFO - Finding 5 successful arrangements.
2023-09-07 14:22:10,640 - INFO - Successful arrangement 1: [(1, 3), (2, 7), (3, 2), (4, 8), (5, 5), (6, 1), (7, 4), (8, 6)]
2023-09-07 14:22:10,640 - INFO - Successful arrangement 2: [(1, 1), (2, 7), (3, 4), (4, 6), (5, 8), (6, 2), (7, 5), (8, 3)]
2023-09-07 14:22:10,641 - INFO - Successful arrangement 3: [(1, 3), (2, 8), (3, 4), (4, 7), (5, 1), (6, 6), (7, 2), (8, 5)]
2023-09-07 14:22:10,641 - INFO - Successful arrangement 4: [(1, 2), (2, 8), (3, 6), (4, 1), (5, 3), (6, 5), (7, 7), (8, 4)]
2023-09-07 14:22:10,641 - INFO - Successful arrangement 5: [(1, 1), (2, 5), (3, 8), (4, 6), (5, 3), (6, 7), (7, 2), (8, 4)]
2023-09-07 14:22:18,011 - INFO - Finding 6 successful arrangements.
2023-09-07 14:22:18,012 - INFO - Successful arrangement 1: [(1, 3), (2, 6), (3, 2), (4, 5), (5, 8), (6, 1), (7, 7), (8, 4)]
2023-09-07 14:22:18,012 - INFO - Successful arrangement 2: [(1, 3), (2, 7), (3, 2), (4, 8), (5, 5), (6, 1), (7, 4), (8, 6)]
2023-09-07 14:22:18,012 - INFO - Successful arrangement 3: [(1, 4), (2, 7), (3, 5), (4, 2), (5, 6), (6, 1), (7, 3), (8, 8)]
2023-09-07 14:22:18,013 - INFO - Successful arrangement 4: [(1, 6), (2, 3), (3, 1), (4, 8), (5, 5), (6, 2), (7, 4), (8, 7)]
2023-09-07 14:22:18,013 - INFO - Successful arrangement 5: [(1, 5), (2, 7), (3, 2), (4, 6), (5, 3), (6, 1), (7, 4), (8, 8)]
2023-09-07 14:22:18,013 - INFO - Successful arrangement 6: [(1, 6), (2, 3), (3, 1), (4, 8), (5, 4), (6, 2), (7, 7), (8, 5)]
2023-09-07 14:22:33,097 - INFO - Finding 3 successful arrangements.
2023-09-07 14:22:33,098 - INFO - Successful arrangement 1: [(1, 3), (2, 6), (3, 8), (4, 2), (5, 4), (6, 1), (7, 7), (8, 5)]
2023-09-07 14:22:33,098 - INFO - Successful arrangement 2: [(1, 2), (2, 6), (3, 8), (4, 3), (5, 1), (6, 4), (7, 7), (8, 5)]
2023-09-07 14:22:33,098 - INFO - Successful arrangement 3: [(1, 6), (2, 2), (3, 7), (4, 1), (5, 4), (6, 8), (7, 5), (8, 3)]
